2021-12-04 15:49:59,689 DEBUG - Starting WinSW in console mode
2021-12-04 15:50:06,505 DEBUG - Starting WinSW in console mode
2021-12-04 15:50:06,729 INFO  - Installing service 'ifood-mercado (powered by WinSW) (ifood-mercado)'...
2021-12-04 15:50:06,916 FATAL - The configuration file cound not be loaded. <description> is missing in configuration XML
System.IO.InvalidDataException: <description> is missing in configuration XML
   at WinSW.XmlServiceConfig.SingleElement(String tagName, Boolean optional)
   at WinSW.XmlServiceConfig.SingleElement(String tagName)
   at WinSW.XmlServiceConfig.get_Description()
   at WinSW.Program.<Run>g__Install|5_0(<>c__DisplayClass5_0& )
   at WinSW.Program.Run(String[] argsArray, IServiceConfig config)
   at WinSW.Program.Main(String[] args)
2021-12-04 15:52:03,999 DEBUG - Starting WinSW in console mode
2021-12-04 15:52:07,447 DEBUG - Starting WinSW in console mode
2021-12-04 15:52:07,572 INFO  - Installing service 'ifood-mercado (powered by WinSW) (ifood-mercado)'...
2021-12-04 15:52:07,595 ERROR - A service with ID 'ifood-mercado' already exists.
2021-12-04 15:52:07,605 FATAL - Failed to install the service. O serviço especificado já existe.
2021-12-04 15:53:04,906 DEBUG - Starting WinSW in console mode
2021-12-04 15:53:08,645 DEBUG - Starting WinSW in console mode
2021-12-04 15:53:08,797 INFO  - Starting service 'ifood-mercado (powered by WinSW) (ifood-mercado)'...
2021-12-04 15:53:10,891 DEBUG - Starting WinSW in service mode
2021-12-04 15:53:10,999 INFO  - Service 'ifood-mercado (powered by WinSW) (ifood-mercado)' started successfully.
2021-12-04 15:53:12,130 INFO  - Starting java -Xrs -Xmx256m -jar "C:\Dev\Java\workspace\integracao-api-ifood-mercado\target\rba-sistemas-1.0.0-SNAPSHOT.jar" --httpPort=8080
2021-12-04 15:53:12,287 INFO  - Started process 22204
2021-12-04 15:53:12,414 DEBUG - Forwarding logs of the process System.Diagnostics.Process (java) to WinSW.DefaultLogAppender
2021-12-04 15:54:04,219 DEBUG - Starting WinSW in console mode
2021-12-04 15:54:13,009 DEBUG - Starting WinSW in console mode
2021-12-04 15:54:13,177 INFO  - Stopping service 'ifood-mercado (powered by WinSW) (ifood-mercado)'...
2021-12-04 15:54:13,217 INFO  - Service 'ifood-mercado (powered by WinSW) (ifood-mercado)' stopped successfully.
2021-12-04 15:54:13,222 INFO  - Stopping ifood-mercado
2021-12-04 15:54:13,224 DEBUG - ProcessKill 22204
2021-12-04 15:54:13,278 DEBUG - Stopping process 22204...
2021-12-04 15:54:13,321 DEBUG - Process 22204 canceled with code -1073741510.
2021-12-04 15:54:13,339 INFO  - Finished ifood-mercado
2021-12-04 15:58:28,695 DEBUG - Starting WinSW in console mode
2021-12-04 15:58:28,830 FATAL - Unhandled exception
System.Exception: Unknown command: refresh
   at WinSW.Program.Run(String[] argsArray, IServiceConfig config)
   at WinSW.Program.Main(String[] args)
2021-12-04 16:02:55,449 DEBUG - Starting WinSW in console mode
2021-12-04 16:03:00,195 DEBUG - Starting WinSW in console mode
2021-12-04 16:03:00,392 INFO  - Starting service 'ifood-mercado (powered by WinSW) (ifood-mercado)'...
2021-12-04 16:03:03,451 DEBUG - Starting WinSW in service mode
2021-12-04 16:03:03,589 INFO  - Service 'ifood-mercado (powered by WinSW) (ifood-mercado)' started successfully.
2021-12-04 16:03:04,066 INFO  - Starting java -jar "C:\Dev\Java\workspace\integracao-api-ifood-mercado\target\rba-sistemas-1.0.0-SNAPSHOT.jar"
2021-12-04 16:03:04,180 INFO  - Started process 12468
2021-12-04 16:03:04,239 DEBUG - Forwarding logs of the process System.Diagnostics.Process (java) to WinSW.DefaultLogAppender
2021-12-04 16:06:48,461 DEBUG - Starting WinSW in console mode
2021-12-04 16:06:51,850 DEBUG - Starting WinSW in console mode
2021-12-04 16:06:51,995 INFO  - Stopping service 'ifood-mercado (powered by WinSW) (ifood-mercado)'...
2021-12-04 16:06:52,039 INFO  - Service 'ifood-mercado (powered by WinSW) (ifood-mercado)' stopped successfully.
2021-12-04 16:06:52,047 INFO  - Stopping ifood-mercado
2021-12-04 16:06:52,050 DEBUG - ProcessKill 12468
2021-12-04 16:06:52,097 DEBUG - Stopping process 12468...
2021-12-04 16:06:52,125 DEBUG - Process 12468 canceled with code -1073741510.
2021-12-04 16:06:52,148 INFO  - Finished ifood-mercado
